<?xml version="1.0" encoding="UTF-8"?>
<!-- Generated by org.testng.reporters.JUnitReportReporter -->
<testsuite name="NewTest" tests="1" time="0.010" ignored="0" failures="0" timestamp="20 Apr 2020 22:47:35 GMT" skipped="0" hostname="CHICOC02V90SF.local" errors="0">
  <testcase name="f" time="0.010" classname="NewTest"/>
</testsuite> <!-- NewTest -->
